<?xml version="1.0" encoding="UTF-8"?>
<testsuite name="com.sunrin.sunrin.SunrinApplicationTests" tests="1" skipped="0" failures="0" errors="0" timestamp="2023-07-20T09:55:43" hostname="JoSungHunui-MacBookPro.local" time="0.804">
  <properties/>
  <testcase name="contextLoads()" classname="com.sunrin.sunrin.SunrinApplicationTests" time="0.804"/>
  <system-out><![CDATA[18:55:34.530 [Test worker] INFO org.springframework.test.context.support.AnnotationConfigContextLoaderUtils -- Could not detect default configuration classes for test class [com.sunrin.sunrin.SunrinApplicationTests]: SunrinApplicationTests does not declare any static, non-private, non-final, nested classes annotated with @Configuration.
18:55:34.684 [Test worker] INFO org.springframework.boot.test.context.SpringBootTestContextBootstrapper -- Found @SpringBootConfiguration com.sunrin.sunrin.SunrinApplication for test class com.sunrin.sunrin.SunrinApplicationTests

  .   ____          _            __ _ _
 /\\ / ___'_ __ _ _(_)_ __  __ _ \ \ \ \
( ( )\___ | '_ | '_| | '_ \/ _` | \ \ \ \
 \\/  ___)| |_)| | | | | || (_| |  ) ) ) )
  '  |____| .__|_| |_|_| |_\__, | / / / /
 =========|_|==============|___/=/_/_/_/
 :: Spring Boot ::                (v3.1.1)

2023-07-20T18:55:35.189+09:00  INFO 98932 --- [    Test worker] c.sunrin.sunrin.SunrinApplicationTests   : Starting SunrinApplicationTests using Java 17.0.7 with PID 98932 (started by josunghun in /Users/josunghun/Desktop/Project/sunrinton/sunrin)
2023-07-20T18:55:35.192+09:00  INFO 98932 --- [    Test worker] c.sunrin.sunrin.SunrinApplicationTests   : No active profile set, falling back to 1 default profile: "default"
2023-07-20T18:55:36.973+09:00  INFO 98932 --- [    Test worker] .s.d.r.c.RepositoryConfigurationDelegate : Multiple Spring Data modules found, entering strict repository configuration mode
2023-07-20T18:55:36.975+09:00  INFO 98932 --- [    Test worker] .s.d.r.c.RepositoryConfigurationDelegate : Bootstrapping Spring Data JDBC repositories in DEFAULT mode.
2023-07-20T18:55:37.011+09:00  INFO 98932 --- [    Test worker] .RepositoryConfigurationExtensionSupport : Spring Data JDBC - Could not safely identify store assignment for repository candidate interface com.sunrin.sunrin.global.auth.dao.UserRepository; If you want this repository to be a JDBC repository, consider annotating your entities with one of these annotations: org.springframework.data.relational.core.mapping.Table.
2023-07-20T18:55:37.012+09:00  INFO 98932 --- [    Test worker] .s.d.r.c.RepositoryConfigurationDelegate : Finished Spring Data repository scanning in 34 ms. Found 0 JDBC repository interfaces.
2023-07-20T18:55:37.026+09:00  INFO 98932 --- [    Test worker] .s.d.r.c.RepositoryConfigurationDelegate : Multiple Spring Data modules found, entering strict repository configuration mode
2023-07-20T18:55:37.026+09:00  INFO 98932 --- [    Test worker] .s.d.r.c.RepositoryConfigurationDelegate : Bootstrapping Spring Data JPA repositories in DEFAULT mode.
2023-07-20T18:55:37.116+09:00  INFO 98932 --- [    Test worker] .s.d.r.c.RepositoryConfigurationDelegate : Finished Spring Data repository scanning in 87 ms. Found 1 JPA repository interfaces.
2023-07-20T18:55:37.138+09:00  INFO 98932 --- [    Test worker] .s.d.r.c.RepositoryConfigurationDelegate : Multiple Spring Data modules found, entering strict repository configuration mode
2023-07-20T18:55:37.139+09:00  INFO 98932 --- [    Test worker] .s.d.r.c.RepositoryConfigurationDelegate : Bootstrapping Spring Data Redis repositories in DEFAULT mode.
2023-07-20T18:55:37.151+09:00  INFO 98932 --- [    Test worker] .RepositoryConfigurationExtensionSupport : Spring Data Redis - Could not safely identify store assignment for repository candidate interface com.sunrin.sunrin.global.auth.dao.UserRepository; If you want this repository to be a Redis repository, consider annotating your entities with one of these annotations: org.springframework.data.redis.core.RedisHash (preferred), or consider extending one of the following types with your repository: org.springframework.data.keyvalue.repository.KeyValueRepository
2023-07-20T18:55:37.151+09:00  INFO 98932 --- [    Test worker] .s.d.r.c.RepositoryConfigurationDelegate : Finished Spring Data repository scanning in 6 ms. Found 0 Redis repository interfaces.
2023-07-20T18:55:37.344+09:00  INFO 98932 --- [    Test worker] faultConfiguringBeanFactoryPostProcessor : No bean named 'errorChannel' has been explicitly defined. Therefore, a default PublishSubscribeChannel will be created.
2023-07-20T18:55:37.350+09:00  INFO 98932 --- [    Test worker] faultConfiguringBeanFactoryPostProcessor : No bean named 'integrationHeaderChannelRegistry' has been explicitly defined. Therefore, a default DefaultHeaderChannelRegistry will be created.
2023-07-20T18:55:38.878+09:00  INFO 98932 --- [    Test worker] o.hibernate.jpa.internal.util.LogHelper  : HHH000204: Processing PersistenceUnitInfo [name: default]
2023-07-20T18:55:38.905+09:00  INFO 98932 --- [    Test worker] org.hibernate.Version                    : HHH000412: Hibernate ORM core version 6.2.5.Final
2023-07-20T18:55:38.907+09:00  INFO 98932 --- [    Test worker] org.hibernate.cfg.Environment            : HHH000406: Using bytecode reflection optimizer
2023-07-20T18:55:39.022+09:00  INFO 98932 --- [    Test worker] o.h.b.i.BytecodeProviderInitiator        : HHH000021: Bytecode provider name : bytebuddy
2023-07-20T18:55:39.108+09:00  INFO 98932 --- [    Test worker] o.s.o.j.p.SpringPersistenceUnitInfo      : No LoadTimeWeaver setup: ignoring JPA class transformer
2023-07-20T18:55:39.189+09:00  WARN 98932 --- [    Test worker] org.hibernate.orm.deprecation            : HHH90000026: MySQL57Dialect has been deprecated; use org.hibernate.dialect.MySQLDialect instead
2023-07-20T18:55:39.200+09:00 DEBUG 98932 --- [    Test worker] o.h.t.d.sql.spi.DdlTypeRegistry          : addDescriptor(12, org.hibernate.type.descriptor.sql.internal.CapacityDependentDdlType@55a055cc) replaced previous registration(org.hibernate.type.descriptor.sql.internal.CapacityDependentDdlType@1ab1d93d)
2023-07-20T18:55:39.201+09:00 DEBUG 98932 --- [    Test worker] o.h.t.d.sql.spi.DdlTypeRegistry          : addDescriptor(-9, org.hibernate.type.descriptor.sql.internal.CapacityDependentDdlType@57167ccb) replaced previous registration(org.hibernate.type.descriptor.sql.internal.CapacityDependentDdlType@37753b69)
2023-07-20T18:55:39.202+09:00 DEBUG 98932 --- [    Test worker] o.h.t.d.sql.spi.DdlTypeRegistry          : addDescriptor(-3, org.hibernate.type.descriptor.sql.internal.CapacityDependentDdlType@602c167e) replaced previous registration(org.hibernate.type.descriptor.sql.internal.CapacityDependentDdlType@74c04377)
2023-07-20T18:55:39.202+09:00 DEBUG 98932 --- [    Test worker] o.h.t.d.sql.spi.DdlTypeRegistry          : addDescriptor(4003, org.hibernate.type.descriptor.sql.internal.DdlTypeImpl@10d49900) replaced previous registration(org.hibernate.type.descriptor.sql.internal.DdlTypeImpl@e645600)
2023-07-20T18:55:39.202+09:00 DEBUG 98932 --- [    Test worker] o.h.t.d.sql.spi.DdlTypeRegistry          : addDescriptor(4001, org.hibernate.type.descriptor.sql.internal.DdlTypeImpl@e7b3e54) replaced previous registration(org.hibernate.type.descriptor.sql.internal.DdlTypeImpl@78d61f17)
2023-07-20T18:55:39.202+09:00 DEBUG 98932 --- [    Test worker] o.h.t.d.sql.spi.DdlTypeRegistry          : addDescriptor(4002, org.hibernate.type.descriptor.sql.internal.DdlTypeImpl@4cfe9594) replaced previous registration(org.hibernate.type.descriptor.sql.internal.DdlTypeImpl@60861e5d)
2023-07-20T18:55:39.202+09:00 DEBUG 98932 --- [    Test worker] o.h.t.d.sql.spi.DdlTypeRegistry          : addDescriptor(2004, org.hibernate.type.descriptor.sql.internal.CapacityDependentDdlType@37d81587) replaced previous registration(org.hibernate.type.descriptor.sql.internal.DdlTypeImpl@7f3e9acc)
2023-07-20T18:55:39.203+09:00 DEBUG 98932 --- [    Test worker] o.h.t.d.sql.spi.DdlTypeRegistry          : addDescriptor(2005, org.hibernate.type.descriptor.sql.internal.CapacityDependentDdlType@47d4e28a) replaced previous registration(org.hibernate.type.descriptor.sql.internal.DdlTypeImpl@177068db)
2023-07-20T18:55:39.204+09:00 DEBUG 98932 --- [    Test worker] o.h.t.d.sql.spi.DdlTypeRegistry          : addDescriptor(2011, org.hibernate.type.descriptor.sql.internal.CapacityDependentDdlType@60f3239f) replaced previous registration(org.hibernate.type.descriptor.sql.internal.DdlTypeImpl@6b103db7)
2023-07-20T18:55:39.374+09:00  INFO 98932 --- [    Test worker] o.h.b.i.BytecodeProviderInitiator        : HHH000021: Bytecode provider name : bytebuddy
2023-07-20T18:55:39.897+09:00  INFO 98932 --- [    Test worker] o.h.e.t.j.p.i.JtaPlatformInitiator       : HHH000490: Using JtaPlatform implementation: [org.hibernate.engine.transaction.jta.platform.internal.NoJtaPlatform]
Hibernate: 
    alter table UserLoginEntity 
       modify column userLoginPassword  mediumtext not null
2023-07-20T18:55:40.083+09:00  INFO 98932 --- [    Test worker] j.LocalContainerEntityManagerFactoryBean : Initialized JPA EntityManagerFactory for persistence unit 'default'
2023-07-20T18:55:41.156+09:00  WARN 98932 --- [    Test worker] c.s.sunrin.global.config.SecurityConfig  : accessDeniedHandler
2023-07-20T18:55:41.280+09:00  WARN 98932 --- [    Test worker] JpaBaseConfiguration$JpaWebConfiguration : spring.jpa.open-in-view is enabled by default. Therefore, database queries may be performed during view rendering. Explicitly configure spring.jpa.open-in-view to disable this warning
2023-07-20T18:55:42.068+09:00  INFO 98932 --- [    Test worker] o.s.b.a.e.web.EndpointLinksResolver      : Exposing 1 endpoint(s) beneath base path '/actuator'
2023-07-20T18:55:42.240+09:00  INFO 98932 --- [    Test worker] o.s.s.web.DefaultSecurityFilterChain     : Will secure Or [Mvc [pattern='/**']] with [org.springframework.security.web.session.DisableEncodeUrlFilter@62f8b2f4, org.springframework.security.web.context.request.async.WebAsyncManagerIntegrationFilter@6bd5aa8b, org.springframework.security.web.context.SecurityContextHolderFilter@1d4ee936, org.springframework.security.web.header.HeaderWriterFilter@63d8590c, org.springframework.security.web.authentication.logout.LogoutFilter@466fd19b, org.springframework.security.web.savedrequest.RequestCacheAwareFilter@363751f2, org.springframework.security.web.servletapi.SecurityContextHolderAwareRequestFilter@123fd460, org.springframework.security.web.authentication.AnonymousAuthenticationFilter@3af17313, org.springframework.security.web.session.SessionManagementFilter@50572c04, org.springframework.security.web.access.ExceptionTranslationFilter@23bf19c9, org.springframework.security.web.access.intercept.AuthorizationFilter@2ca4b010]
2023-07-20T18:55:43.384+09:00  INFO 98932 --- [    Test worker] o.s.i.endpoint.EventDrivenConsumer       : Adding {logging-channel-adapter:_org.springframework.integration.errorLogger} as a subscriber to the 'errorChannel' channel
2023-07-20T18:55:43.388+09:00  INFO 98932 --- [    Test worker] o.s.i.channel.PublishSubscribeChannel    : Channel 'application.errorChannel' has 1 subscriber(s).
2023-07-20T18:55:43.388+09:00  INFO 98932 --- [    Test worker] o.s.i.endpoint.EventDrivenConsumer       : started bean '_org.springframework.integration.errorLogger'
2023-07-20T18:55:43.417+09:00  INFO 98932 --- [    Test worker] c.sunrin.sunrin.SunrinApplicationTests   : Started SunrinApplicationTests in 8.59 seconds (process running for 10.186)
]]></system-out>
  <system-err><![CDATA[]]></system-err>
</testsuite>
